<?xml version="1.0" encoding="UTF-8" ?>
<testsuite failures="0" time="0.006" errors="0" skipped="0" tests="1" name="com.mycompany.paymentdetailsvalidator.AppTest">
  <properties>
    <property name="java.runtime.name" value="Java(TM) SE Runtime Environment"/>
    <property name="sun.boot.library.path" value="C:\Program Files\Java\jdk1.7.0_80\jre\bin"/>
    <property name="java.vm.version" value="24.80-b11"/>
    <property name="java.vm.vendor" value="Oracle Corporation"/>
    <property name="java.vendor.url" value="http://java.oracle.com/"/>
    <property name="path.separator" value=";"/>
    <property name="java.vm.name" value="Java HotSpot(TM) 64-Bit Server VM"/>
    <property name="file.encoding.pkg" value="sun.io"/>
    <property name="user.script" value=""/>
    <property name="user.country" value="US"/>
    <property name="sun.java.launcher" value="SUN_STANDARD"/>
    <property name="sun.os.patch.level" value=""/>
    <property name="java.vm.specification.name" value="Java Virtual Machine Specification"/>
    <property name="user.dir" value="C:\Users\Heng Wai\Documents\NetBeansProjects\payment-details-validator"/>
    <property name="java.runtime.version" value="1.7.0_80-b15"/>
    <property name="java.awt.graphicsenv" value="sun.awt.Win32GraphicsEnvironment"/>
    <property name="basedir" value="C:\Users\Heng Wai\Documents\NetBeansProjects\payment-details-validator"/>
    <property name="java.endorsed.dirs" value="C:\Program Files\Java\jdk1.7.0_80\jre\lib\endorsed"/>
    <property name="os.arch" value="amd64"/>
    <property name="surefire.real.class.path" value="C:\Users\Heng Wai\Documents\NetBeansProjects\payment-details-validator\target\surefire\surefirebooter6121796831537289720.jar"/>
    <property name="java.io.tmpdir" value="C:\Users\HENGWA~1\AppData\Local\Temp\"/>
    <property name="line.separator" value="
"/>
    <property name="java.vm.specification.vendor" value="Oracle Corporation"/>
    <property name="user.variant" value=""/>
    <property name="os.name" value="Windows 8.1"/>
    <property name="sun.jnu.encoding" value="Cp1252"/>
    <property name="java.library.path" value="C:\Program Files\Java\jdk1.7.0_80\jre\bin;C:\windows\Sun\Java\bin;C:\windows\system32;C:\windows;C:\Program Files (x86)\Intel\iCLS Client\;C:\Program Files\Intel\iCLS Client\;C:\windows\system32;C:\windows;C:\windows\System32\Wbem;C:\windows\System32\WindowsPowerShell\v1.0\;C:\Program Files (x86)\Intel\Intel(R) Management Engine Components\DAL;C:\Program Files\Intel\Intel(R) Management Engine Components\DAL;C:\Program Files (x86)\Intel\Intel(R) Management Engine Components\IPT;C:\Program Files\Intel\Intel(R) Management Engine Components\IPT;C:\Program Files (x86)\NVIDIA Corporation\PhysX\Common;C:\Program Files (x86)\Skype\Phone\;C:\apache-maven-3.3.9\bin;D:\zookeeper-3.4.6\bin;C:\Program Files\MySQL\MySQL Utilities 1.6\;C:\Program Files\glassfish4\bin;."/>
    <property name="surefire.test.class.path" value="C:\Users\Heng Wai\Documents\NetBeansProjects\payment-details-validator\target\test-classes;C:\Users\Heng Wai\Documents\NetBeansProjects\payment-details-validator\target\classes;C:\Users\Heng Wai\.m2\repository\junit\junit\3.8.1\junit-3.8.1.jar;C:\Users\Heng Wai\.m2\repository\net\aimeizi\dubbo-service\1.0-SNAPSHOT\dubbo-service-1.0-SNAPSHOT.jar;C:\Users\Heng Wai\.m2\repository\org\springframework\spring-context\3.2.0.RELEASE\spring-context-3.2.0.RELEASE.jar;C:\Users\Heng Wai\.m2\repository\org\springframework\spring-aop\3.2.0.RELEASE\spring-aop-3.2.0.RELEASE.jar;C:\Users\Heng Wai\.m2\repository\org\springframework\spring-expression\3.2.0.RELEASE\spring-expression-3.2.0.RELEASE.jar;C:\Users\Heng Wai\.m2\repository\org\springframework\spring-beans\3.2.0.RELEASE\spring-beans-3.2.0.RELEASE.jar;C:\Users\Heng Wai\.m2\repository\org\springframework\spring-orm\3.2.0.RELEASE\spring-orm-3.2.0.RELEASE.jar;C:\Users\Heng Wai\.m2\repository\org\springframework\spring-jdbc\3.2.0.RELEASE\spring-jdbc-3.2.0.RELEASE.jar;C:\Users\Heng Wai\.m2\repository\aopalliance\aopalliance\1.0\aopalliance-1.0.jar;C:\Users\Heng Wai\.m2\repository\org\hibernate\hibernate-entitymanager\4.1.9.Final\hibernate-entitymanager-4.1.9.Final.jar;C:\Users\Heng Wai\.m2\repository\org\jboss\logging\jboss-logging\3.1.0.GA\jboss-logging-3.1.0.GA.jar;C:\Users\Heng Wai\.m2\repository\org\javassist\javassist\3.17.1-GA\javassist-3.17.1-GA.jar;C:\Users\Heng Wai\.m2\repository\org\jboss\spec\javax\transaction\jboss-transaction-api_1.1_spec\1.0.0.Final\jboss-transaction-api_1.1_spec-1.0.0.Final.jar;C:\Users\Heng Wai\.m2\repository\dom4j\dom4j\1.6.1\dom4j-1.6.1.jar;C:\Users\Heng Wai\.m2\repository\org\hibernate\javax\persistence\hibernate-jpa-2.0-api\1.0.1.Final\hibernate-jpa-2.0-api-1.0.1.Final.jar;C:\Users\Heng Wai\.m2\repository\org\hibernate\hibernate-core\4.1.9.Final\hibernate-core-4.1.9.Final.jar;C:\Users\Heng Wai\.m2\repository\antlr\antlr\2.7.7\antlr-2.7.7.jar;C:\Users\Heng Wai\.m2\repository\org\hibernate\common\hibernate-commons-annotations\4.0.1.Final\hibernate-commons-annotations-4.0.1.Final.jar;C:\Users\Heng Wai\.m2\repository\log4j\log4j\1.2.17\log4j-1.2.17.jar;C:\Users\Heng Wai\.m2\repository\org\springframework\spring-core\3.2.0.RELEASE\spring-core-3.2.0.RELEASE.jar;C:\Users\Heng Wai\.m2\repository\commons-logging\commons-logging\1.1.1\commons-logging-1.1.1.jar;C:\Users\Heng Wai\.m2\repository\org\springframework\spring-web\3.2.0.RELEASE\spring-web-3.2.0.RELEASE.jar;C:\Users\Heng Wai\.m2\repository\org\springframework\spring-webmvc\3.2.0.RELEASE\spring-webmvc-3.2.0.RELEASE.jar;C:\Users\Heng Wai\.m2\repository\org\springframework\spring-tx\3.2.0.RELEASE\spring-tx-3.2.0.RELEASE.jar;C:\Users\Heng Wai\.m2\repository\com\jcabi\jcabi-xml\0.18.1\jcabi-xml-0.18.1.jar;C:\Users\Heng Wai\.m2\repository\com\jcabi\jcabi-log\0.17\jcabi-log-0.17.jar;C:\Users\Heng Wai\.m2\repository\org\slf4j\slf4j-api\1.7.5\slf4j-api-1.7.5.jar;C:\Users\Heng Wai\.m2\repository\com\jcabi\jcabi-aspects\0.22\jcabi-aspects-0.22.jar;C:\Users\Heng Wai\.m2\repository\org\aspectj\aspectjrt\1.8.4\aspectjrt-1.8.4.jar;C:\Users\Heng Wai\.m2\repository\javax\validation\validation-api\1.1.0.Final\validation-api-1.1.0.Final.jar;C:\Users\Heng Wai\.m2\repository\com\jcabi\jcabi-immutable\1.4\jcabi-immutable-1.4.jar;C:\Users\Heng Wai\.m2\repository\commons-io\commons-io\2.4\commons-io-2.4.jar;C:\Users\Heng Wai\.m2\repository\commons-codec\commons-codec\1.9\commons-codec-1.9.jar;"/>
    <property name="java.specification.name" value="Java Platform API Specification"/>
    <property name="java.class.version" value="51.0"/>
    <property name="sun.management.compiler" value="HotSpot 64-Bit Tiered Compilers"/>
    <property name="os.version" value="6.3"/>
    <property name="user.home" value="C:\Users\Heng Wai"/>
    <property name="user.timezone" value=""/>
    <property name="java.awt.printerjob" value="sun.awt.windows.WPrinterJob"/>
    <property name="java.specification.version" value="1.7"/>
    <property name="file.encoding" value="Cp1252"/>
    <property name="user.name" value="Heng Wai"/>
    <property name="java.class.path" value="C:\Users\Heng Wai\Documents\NetBeansProjects\payment-details-validator\target\test-classes;C:\Users\Heng Wai\Documents\NetBeansProjects\payment-details-validator\target\classes;C:\Users\Heng Wai\.m2\repository\junit\junit\3.8.1\junit-3.8.1.jar;C:\Users\Heng Wai\.m2\repository\net\aimeizi\dubbo-service\1.0-SNAPSHOT\dubbo-service-1.0-SNAPSHOT.jar;C:\Users\Heng Wai\.m2\repository\org\springframework\spring-context\3.2.0.RELEASE\spring-context-3.2.0.RELEASE.jar;C:\Users\Heng Wai\.m2\repository\org\springframework\spring-aop\3.2.0.RELEASE\spring-aop-3.2.0.RELEASE.jar;C:\Users\Heng Wai\.m2\repository\org\springframework\spring-expression\3.2.0.RELEASE\spring-expression-3.2.0.RELEASE.jar;C:\Users\Heng Wai\.m2\repository\org\springframework\spring-beans\3.2.0.RELEASE\spring-beans-3.2.0.RELEASE.jar;C:\Users\Heng Wai\.m2\repository\org\springframework\spring-orm\3.2.0.RELEASE\spring-orm-3.2.0.RELEASE.jar;C:\Users\Heng Wai\.m2\repository\org\springframework\spring-jdbc\3.2.0.RELEASE\spring-jdbc-3.2.0.RELEASE.jar;C:\Users\Heng Wai\.m2\repository\aopalliance\aopalliance\1.0\aopalliance-1.0.jar;C:\Users\Heng Wai\.m2\repository\org\hibernate\hibernate-entitymanager\4.1.9.Final\hibernate-entitymanager-4.1.9.Final.jar;C:\Users\Heng Wai\.m2\repository\org\jboss\logging\jboss-logging\3.1.0.GA\jboss-logging-3.1.0.GA.jar;C:\Users\Heng Wai\.m2\repository\org\javassist\javassist\3.17.1-GA\javassist-3.17.1-GA.jar;C:\Users\Heng Wai\.m2\repository\org\jboss\spec\javax\transaction\jboss-transaction-api_1.1_spec\1.0.0.Final\jboss-transaction-api_1.1_spec-1.0.0.Final.jar;C:\Users\Heng Wai\.m2\repository\dom4j\dom4j\1.6.1\dom4j-1.6.1.jar;C:\Users\Heng Wai\.m2\repository\org\hibernate\javax\persistence\hibernate-jpa-2.0-api\1.0.1.Final\hibernate-jpa-2.0-api-1.0.1.Final.jar;C:\Users\Heng Wai\.m2\repository\org\hibernate\hibernate-core\4.1.9.Final\hibernate-core-4.1.9.Final.jar;C:\Users\Heng Wai\.m2\repository\antlr\antlr\2.7.7\antlr-2.7.7.jar;C:\Users\Heng Wai\.m2\repository\org\hibernate\common\hibernate-commons-annotations\4.0.1.Final\hibernate-commons-annotations-4.0.1.Final.jar;C:\Users\Heng Wai\.m2\repository\log4j\log4j\1.2.17\log4j-1.2.17.jar;C:\Users\Heng Wai\.m2\repository\org\springframework\spring-core\3.2.0.RELEASE\spring-core-3.2.0.RELEASE.jar;C:\Users\Heng Wai\.m2\repository\commons-logging\commons-logging\1.1.1\commons-logging-1.1.1.jar;C:\Users\Heng Wai\.m2\repository\org\springframework\spring-web\3.2.0.RELEASE\spring-web-3.2.0.RELEASE.jar;C:\Users\Heng Wai\.m2\repository\org\springframework\spring-webmvc\3.2.0.RELEASE\spring-webmvc-3.2.0.RELEASE.jar;C:\Users\Heng Wai\.m2\repository\org\springframework\spring-tx\3.2.0.RELEASE\spring-tx-3.2.0.RELEASE.jar;C:\Users\Heng Wai\.m2\repository\com\jcabi\jcabi-xml\0.18.1\jcabi-xml-0.18.1.jar;C:\Users\Heng Wai\.m2\repository\com\jcabi\jcabi-log\0.17\jcabi-log-0.17.jar;C:\Users\Heng Wai\.m2\repository\org\slf4j\slf4j-api\1.7.5\slf4j-api-1.7.5.jar;C:\Users\Heng Wai\.m2\repository\com\jcabi\jcabi-aspects\0.22\jcabi-aspects-0.22.jar;C:\Users\Heng Wai\.m2\repository\org\aspectj\aspectjrt\1.8.4\aspectjrt-1.8.4.jar;C:\Users\Heng Wai\.m2\repository\javax\validation\validation-api\1.1.0.Final\validation-api-1.1.0.Final.jar;C:\Users\Heng Wai\.m2\repository\com\jcabi\jcabi-immutable\1.4\jcabi-immutable-1.4.jar;C:\Users\Heng Wai\.m2\repository\commons-io\commons-io\2.4\commons-io-2.4.jar;C:\Users\Heng Wai\.m2\repository\commons-codec\commons-codec\1.9\commons-codec-1.9.jar;"/>
    <property name="java.vm.specification.version" value="1.7"/>
    <property name="sun.arch.data.model" value="64"/>
    <property name="java.home" value="C:\Program Files\Java\jdk1.7.0_80\jre"/>
    <property name="sun.java.command" value="C:\Users\Heng Wai\Documents\NetBeansProjects\payment-details-validator\target\surefire\surefirebooter6121796831537289720.jar C:\Users\Heng Wai\Documents\NetBeansProjects\payment-details-validator\target\surefire\surefire1007361152051215118tmp C:\Users\Heng Wai\Documents\NetBeansProjects\payment-details-validator\target\surefire\surefire3593356692652762211tmp"/>
    <property name="java.specification.vendor" value="Oracle Corporation"/>
    <property name="user.language" value="en"/>
    <property name="awt.toolkit" value="sun.awt.windows.WToolkit"/>
    <property name="java.vm.info" value="mixed mode"/>
    <property name="java.version" value="1.7.0_80"/>
    <property name="java.ext.dirs" value="C:\Program Files\Java\jdk1.7.0_80\jre\lib\ext;C:\windows\Sun\Java\lib\ext"/>
    <property name="sun.boot.class.path" value="C:\Program Files\Java\jdk1.7.0_80\jre\lib\resources.jar;C:\Program Files\Java\jdk1.7.0_80\jre\lib\rt.jar;C:\Program Files\Java\jdk1.7.0_80\jre\lib\sunrsasign.jar;C:\Program Files\Java\jdk1.7.0_80\jre\lib\jsse.jar;C:\Program Files\Java\jdk1.7.0_80\jre\lib\jce.jar;C:\Program Files\Java\jdk1.7.0_80\jre\lib\charsets.jar;C:\Program Files\Java\jdk1.7.0_80\jre\lib\jfr.jar;C:\Program Files\Java\jdk1.7.0_80\jre\classes"/>
    <property name="java.vendor" value="Oracle Corporation"/>
    <property name="localRepository" value="C:\Users\Heng Wai\.m2\repository"/>
    <property name="file.separator" value="\"/>
    <property name="java.vendor.url.bug" value="http://bugreport.sun.com/bugreport/"/>
    <property name="sun.cpu.endian" value="little"/>
    <property name="sun.io.unicode.encoding" value="UnicodeLittle"/>
    <property name="sun.desktop" value="windows"/>
    <property name="sun.cpu.isalist" value="amd64"/>
  </properties>
  <testcase time="0.001" classname="com.mycompany.paymentdetailsvalidator.AppTest" name="testApp"/>
</testsuite>